

================================================================
== Vitis HLS Report for 'tri2d'
================================================================
* Date:           Sat May  2 16:44:59 2026

* Version:        2022.2 (Build 3670227 on Oct 13 2022)
* Project:        KR260
* Solution:       solution1 (Vivado IP Flow Target)
* Product family: zynquplus
* Target device:  xck26-sfvc784-2LVI-i


================================================================
== Performance Estimates
================================================================
+ Timing: 
    * Summary: 
    +--------+----------+----------+------------+
    |  Clock |  Target  | Estimated| Uncertainty|
    +--------+----------+----------+------------+
    |ap_clk  |  10.00 ns|  9.401 ns|     2.70 ns|
    +--------+----------+----------+------------+

+ Latency: 
    * Summary: 
    +---------+---------+----------+----------+-----+-----+---------+
    |  Latency (cycles) |  Latency (absolute) |  Interval | Pipeline|
    |   min   |   max   |    min   |    max   | min | max |   Type  |
    +---------+---------+----------+----------+-----+-----+---------+
    |        ?|        ?|         ?|         ?|    ?|    ?|       no|
    +---------+---------+----------+----------+-----+-----+---------+

    + Detail: 
        * Instance: 
        +-----------------------------------------------+------------------------------------+---------+---------+-----------+-----------+--------+---------+---------+
        |                                               |                                    |  Latency (cycles) |   Latency (absolute)  |     Interval     | Pipeline|
        |                    Instance                   |               Module               |   min   |   max   |    min    |    max    |   min  |   max   |   Type  |
        +-----------------------------------------------+------------------------------------+---------+---------+-----------+-----------+--------+---------+---------+
        |grp_tri2d_Pipeline_INIT_FACE_TOPO_fu_574       |tri2d_Pipeline_INIT_FACE_TOPO       |    32002|    32002|   0.320 ms|   0.320 ms|   32002|    32002|       no|
        |grp_tri2d_Pipeline_INIT_HALFEDGE_fu_600        |tri2d_Pipeline_INIT_HALFEDGE        |    96005|    96005|   0.960 ms|   0.960 ms|   96005|    96005|       no|
        |grp_tri2d_Pipeline_INIT_VERTEX_fu_612          |tri2d_Pipeline_INIT_VERTEX          |    16005|    16005|   0.160 ms|   0.160 ms|   16005|    16005|       no|
        |grp_tri2d_Pipeline_READ_SUPER_TRIANGLE_fu_622  |tri2d_Pipeline_READ_SUPER_TRIANGLE  |        6|        6|  60.000 ns|  60.000 ns|       6|        6|       no|
        |grp_tri2d_Pipeline_READ_NORMAL_POINTS_fu_646   |tri2d_Pipeline_READ_NORMAL_POINTS   |    16003|    16003|   0.160 ms|   0.160 ms|   16003|    16003|       no|
        |grp_initEnhancedGrid_fu_670                    |initEnhancedGrid                    |   179858|   179858|   1.799 ms|   1.799 ms|  179858|   179858|       no|
        |grp_assignTriangleToGrid_fu_698                |assignTriangleToGrid                |        2|     9850|  20.000 ns|  98.500 us|       2|     9850|       no|
        |grp_tri2d_Pipeline_COLLECT_INDICES_fu_734      |tri2d_Pipeline_COLLECT_INDICES      |    32005|    32005|   0.320 ms|   0.320 ms|   32005|    32005|       no|
        |grp_locateTriangleSimple_fu_748                |locateTriangleSimple                |      221|    50815|   2.210 us|   0.508 ms|     221|    50815|       no|
        |grp_insertSiteEnhanced_fu_795                  |insertSiteEnhanced                  |        1|  1280967|  10.000 ns|  12.810 ms|       1|  1280967|       no|
        |grp_tri2d_Pipeline_OUTPUT_STREAM_fu_863        |tri2d_Pipeline_OUTPUT_STREAM        |        ?|        ?|          ?|          ?|       ?|        ?|       no|
        +-----------------------------------------------+------------------------------------+---------+---------+-----------+-----------+--------+---------+---------+

        * Loop: 
        +-----------------+---------+-------------+-------------+-----------+-----------+-------+----------+
        |                 |    Latency (cycles)   |  Iteration  |  Initiation Interval  |  Trip |          |
        |    Loop Name    |   min   |     max     |   Latency   |  achieved |   target  | Count | Pipelined|
        +-----------------+---------+-------------+-------------+-----------+-----------+-------+----------+
        |- INSERT_POINTS  |    48000|  21308608000|  3 ~ 1331788|          -|          -|  16000|        no|
        +-----------------+---------+-------------+-------------+-----------+-----------+-------+----------+



================================================================
== Utilization Estimates
================================================================
* Summary: 
+-----------------+---------+------+--------+--------+-----+
|       Name      | BRAM_18K|  DSP |   FF   |   LUT  | URAM|
+-----------------+---------+------+--------+--------+-----+
|DSP              |        -|     -|       -|       -|    -|
|Expression       |        -|     -|       0|      80|    -|
|FIFO             |        -|     -|       -|       -|    -|
|Instance         |        6|   135|   18276|   49063|    0|
|Memory           |      262|     -|      45|   37253|   56|
|Multiplexer      |        -|     -|       -|    2990|    -|
|Register         |        -|     -|     589|       -|    -|
+-----------------+---------+------+--------+--------+-----+
|Total            |      268|   135|   18910|   89386|   56|
+-----------------+---------+------+--------+--------+-----+
|Available        |      288|  1248|  234240|  117120|   64|
+-----------------+---------+------+--------+--------+-----+
|Utilization (%)  |       93|    10|       8|      76|   87|
+-----------------+---------+------+--------+--------+-----+

+ Detail: 
    * Instance: 
    +-----------------------------------------------+------------------------------------+---------+----+------+-------+-----+
    |                    Instance                   |               Module               | BRAM_18K| DSP|  FF  |  LUT  | URAM|
    +-----------------------------------------------+------------------------------------+---------+----+------+-------+-----+
    |grp_assignTriangleToGrid_fu_698                |assignTriangleToGrid                |        0|  16|  2739|   7248|    0|
    |control_s_axi_U                                |control_s_axi                       |        0|   0|   214|    360|    0|
    |fpext_32ns_64_2_no_dsp_1_U388                  |fpext_32ns_64_2_no_dsp_1            |        0|   0|     0|      0|    0|
    |fpext_32ns_64_2_no_dsp_1_U389                  |fpext_32ns_64_2_no_dsp_1            |        0|   0|     0|      0|    0|
    |grp_getGridIndex_fu_1084                       |getGridIndex                        |        0|   2|  1207|   1495|    0|
    |grp_getGridIndex_fu_1095                       |getGridIndex                        |        0|   2|  1207|   1495|    0|
    |grp_getGridIndex_fu_1106                       |getGridIndex                        |        0|   2|  1207|   1495|    0|
    |gmem0_m_axi_U                                  |gmem0_m_axi                         |        0|   0|   710|   2948|    0|
    |grp_initEnhancedGrid_fu_670                    |initEnhancedGrid                    |        0|  10|  1068|   4798|    0|
    |grp_insertSiteEnhanced_fu_795                  |insertSiteEnhanced                  |        1|  76|  5898|  17263|    0|
    |grp_locateTriangleSimple_fu_748                |locateTriangleSimple                |        5|  27|  3011|   8746|    0|
    |grp_tri2d_Pipeline_COLLECT_INDICES_fu_734      |tri2d_Pipeline_COLLECT_INDICES      |        0|   0|   347|    286|    0|
    |grp_tri2d_Pipeline_INIT_FACE_TOPO_fu_574       |tri2d_Pipeline_INIT_FACE_TOPO       |        0|   0|    17|     61|    0|
    |grp_tri2d_Pipeline_INIT_HALFEDGE_fu_600        |tri2d_Pipeline_INIT_HALFEDGE        |        0|   0|    19|     64|    0|
    |grp_tri2d_Pipeline_INIT_VERTEX_fu_612          |tri2d_Pipeline_INIT_VERTEX          |        0|   0|    16|     60|    0|
    |grp_tri2d_Pipeline_OUTPUT_STREAM_fu_863        |tri2d_Pipeline_OUTPUT_STREAM        |        0|   0|    38|    127|    0|
    |grp_tri2d_Pipeline_READ_NORMAL_POINTS_fu_646   |tri2d_Pipeline_READ_NORMAL_POINTS   |        0|   0|   307|   1327|    0|
    |grp_tri2d_Pipeline_READ_SUPER_TRIANGLE_fu_622  |tri2d_Pipeline_READ_SUPER_TRIANGLE  |        0|   0|   271|   1290|    0|
    +-----------------------------------------------+------------------------------------+---------+----+------+-------+-----+
    |Total                                          |                                    |        6| 135| 18276|  49063|    0|
    +-----------------------------------------------+------------------------------------+---------+----+------+-------+-----+

    * DSP: 
    N/A

    * Memory: 
    +-------------------+----------------------------------+---------+----+-------+-----+-------+-----+------+-------------+
    |       Memory      |              Module              | BRAM_18K| FF |  LUT  | URAM| Words | Bits| Banks| W*Bits*Banks|
    +-------------------+----------------------------------+---------+----+-------+-----+-------+-----+------+-------------+
    |face_coord_x1_V_U  |face_coord_x1_V_RAM_1P_URAM_1R1W  |        0|   0|      0|    8|  32000|   24|     1|       768000|
    |face_coord_y1_V_U  |face_coord_x1_V_RAM_1P_URAM_1R1W  |        0|   0|      0|    8|  32000|   24|     1|       768000|
    |face_coord_x2_V_U  |face_coord_x1_V_RAM_1P_URAM_1R1W  |        0|   0|      0|    8|  32000|   24|     1|       768000|
    |face_coord_y2_V_U  |face_coord_x1_V_RAM_1P_URAM_1R1W  |        0|   0|      0|    8|  32000|   24|     1|       768000|
    |face_coord_x3_V_U  |face_coord_x1_V_RAM_1P_URAM_1R1W  |        0|   0|      0|    8|  32000|   24|     1|       768000|
    |face_coord_y3_V_U  |face_coord_x1_V_RAM_1P_URAM_1R1W  |        0|   0|      0|    8|  32000|   24|     1|       768000|
    |face_next_V_U      |face_next_V_RAM_1P_LUTRAM_1R1W    |        0|  15|   7500|    0|  32000|   15|     1|       480000|
    |face_used_V_U      |face_used_V_RAM_S2P_BRAM_1R1W     |        2|   0|      0|    0|  32000|    1|     1|        32000|
    |face_v1_V_U        |face_v1_V_RAM_1P_LUTRAM_1R1W      |        0|  14|   7000|    0|  32000|   14|     1|       448000|
    |face_v2_V_U        |face_v2_V_RAM_S2P_BRAM_1R1W       |       26|   0|      0|    0|  32000|   14|     1|       448000|
    |face_v3_V_U        |face_v2_V_RAM_S2P_BRAM_1R1W       |       26|   0|      0|    0|  32000|   14|     1|       448000|
    |he_face_V_U        |he_face_V_RAM_S2P_BRAM_1R1W       |       84|   0|      0|    0|  96003|   15|     1|      1440045|
    |he_tail_V_U        |he_tail_V_RAM_1P_LUTRAM_1R1W      |        0|  14|  21001|    0|  96003|   14|     1|      1344042|
    |he_twin_V_U        |he_twin_V_RAM_S2P_BRAM_1R1W       |       96|   0|      0|    0|  96003|   17|     1|      1632051|
    |he_used_V_U        |he_used_V_RAM_1P_LUTRAM_1R1W      |        0|   1|   1501|    0|  96003|    1|     1|        96003|
    |valid_faces_V_U    |valid_faces_V_RAM_AUTO_1R1W       |       28|   0|      0|    0|  32000|   15|     1|       480000|
    |vtx_used_V_U       |vtx_used_V_RAM_1P_LUTRAM_1R1W     |        0|   1|    251|    0|  16003|    1|     1|        16003|
    |vtx_x_V_U          |vtx_x_V_RAM_1P_URAM_1R1W          |        0|   0|      0|    4|  16003|   24|     1|       384072|
    |vtx_y_V_U          |vtx_x_V_RAM_1P_URAM_1R1W          |        0|   0|      0|    4|  16003|   24|     1|       384072|
    +-------------------+----------------------------------+---------+----+-------+-----+-------+-----+------+-------------+
    |Total              |                                  |      262|  45|  37253|   56| 816021|  313|    19|     12240288|
    +-------------------+----------------------------------+---------+----+-------+-----+-------+-----+------+-------------+

    * FIFO: 
    N/A

    * Expression: 
    +--------------------------------------------------------------+----------+----+---+----+------------+------------+
    |                         Variable Name                        | Operation| DSP| FF| LUT| Bitwidth P0| Bitwidth P1|
    +--------------------------------------------------------------+----------+----+---+----+------------+------------+
    |i_fu_967_p2                                                   |         +|   0|  0|  21|          14|           1|
    |sub_fu_981_p2                                                 |         +|   0|  0|  39|          32|           2|
    |ap_block_state24_on_subcall_done                              |       and|   0|  0|   2|           1|           1|
    |ap_predicate_op190_call_state24                               |       and|   0|  0|   2|           1|           1|
    |grp_tri2d_Pipeline_OUTPUT_STREAM_fu_863_cl_out_stream_TREADY  |       and|   0|  0|   2|           1|           1|
    |icmp_ln1088_fu_939_p2                                         |      icmp|   0|  0|  12|          14|          10|
    |ap_block_state2_on_subcall_done                               |        or|   0|  0|   2|           1|           1|
    +--------------------------------------------------------------+----------+----+---+----+------------+------------+
    |Total                                                         |          |   0|  0|  80|          64|          17|
    +--------------------------------------------------------------+----------+----+---+----+------------+------------+

    * Multiplexer: 
    +------------------------------------------------------+-----+-----------+-----+-----------+
    |                         Name                         | LUT | Input Size| Bits| Total Bits|
    +------------------------------------------------------+-----+-----------+-----+-----------+
    |ap_NS_fsm                                             |  145|         29|    1|         29|
    |cached_center_x                                       |   14|          3|   32|         96|
    |cached_center_y                                       |   14|          3|   32|         96|
    |debug_count                                           |   65|         12|   32|        384|
    |face_coord_x1_V_address0                              |   31|          6|   15|         90|
    |face_coord_x1_V_ce0                                   |   31|          6|    1|          6|
    |face_coord_x1_V_d0                                    |   20|          4|   24|         96|
    |face_coord_x1_V_we0                                   |   20|          4|    1|          4|
    |face_coord_x2_V_address0                              |   31|          6|   15|         90|
    |face_coord_x2_V_ce0                                   |   31|          6|    1|          6|
    |face_coord_x2_V_d0                                    |   20|          4|   24|         96|
    |face_coord_x2_V_we0                                   |   20|          4|    1|          4|
    |face_coord_x3_V_address0                              |   31|          6|   15|         90|
    |face_coord_x3_V_ce0                                   |   31|          6|    1|          6|
    |face_coord_x3_V_d0                                    |   20|          4|   24|         96|
    |face_coord_x3_V_we0                                   |   20|          4|    1|          4|
    |face_coord_y1_V_address0                              |   31|          6|   15|         90|
    |face_coord_y1_V_ce0                                   |   31|          6|    1|          6|
    |face_coord_y1_V_d0                                    |   20|          4|   24|         96|
    |face_coord_y1_V_we0                                   |   20|          4|    1|          4|
    |face_coord_y2_V_address0                              |   31|          6|   15|         90|
    |face_coord_y2_V_ce0                                   |   31|          6|    1|          6|
    |face_coord_y2_V_d0                                    |   20|          4|   24|         96|
    |face_coord_y2_V_we0                                   |   20|          4|    1|          4|
    |face_coord_y3_V_address0                              |   31|          6|   15|         90|
    |face_coord_y3_V_ce0                                   |   31|          6|    1|          6|
    |face_coord_y3_V_d0                                    |   20|          4|   24|         96|
    |face_coord_y3_V_we0                                   |   20|          4|    1|          4|
    |face_next_V_address0                                  |   14|          3|   15|         45|
    |face_next_V_ce0                                       |   14|          3|    1|          3|
    |face_next_V_d0                                        |   14|          3|   15|         45|
    |face_next_V_we0                                       |   14|          3|    1|          3|
    |face_used_V_address0                                  |   26|          5|   15|         75|
    |face_used_V_address1                                  |   20|          4|   15|         60|
    |face_used_V_ce0                                       |   26|          5|    1|          5|
    |face_used_V_ce1                                       |   20|          4|    1|          4|
    |face_used_V_d1                                        |   20|          4|    1|          4|
    |face_used_V_we1                                       |   20|          4|    1|          4|
    |face_v1_V_address0                                    |   31|          6|   15|         90|
    |face_v1_V_ce0                                         |   31|          6|    1|          6|
    |face_v1_V_d0                                          |   20|          4|   14|         56|
    |face_v1_V_we0                                         |   20|          4|    1|          4|
    |face_v2_V_address0                                    |   14|          3|   15|         45|
    |face_v2_V_address1                                    |   20|          4|   15|         60|
    |face_v2_V_ce0                                         |   14|          3|    1|          3|
    |face_v2_V_ce1                                         |   20|          4|    1|          4|
    |face_v2_V_d1                                          |   20|          4|   14|         56|
    |face_v2_V_we1                                         |   20|          4|    1|          4|
    |face_v3_V_address0                                    |   14|          3|   15|         45|
    |face_v3_V_address1                                    |   20|          4|   15|         60|
    |face_v3_V_ce0                                         |   14|          3|    1|          3|
    |face_v3_V_ce1                                         |   20|          4|    1|          4|
    |face_v3_V_d1                                          |   20|          4|   14|         56|
    |face_v3_V_we1                                         |   20|          4|    1|          4|
    |freeFaceHead_V                                        |    9|          2|   15|         30|
    |gmem0_ARADDR                                          |   20|          4|   64|        256|
    |gmem0_ARLEN                                           |   20|          4|   32|        128|
    |gmem0_ARVALID                                         |   20|          4|    1|          4|
    |gmem0_AWADDR                                          |   20|          4|   64|        256|
    |gmem0_AWLEN                                           |   20|          4|   32|        128|
    |gmem0_AWVALID                                         |   20|          4|    1|          4|
    |gmem0_BREADY                                          |   20|          4|    1|          4|
    |gmem0_RREADY                                          |   20|          4|    1|          4|
    |gmem0_WDATA                                           |   20|          4|   32|        128|
    |gmem0_WSTRB                                           |   20|          4|    4|         16|
    |gmem0_WVALID                                          |   20|          4|    1|          4|
    |grp_fu_1078_ce                                        |   20|          4|    1|          4|
    |grp_fu_1078_p0                                        |   20|          4|   32|        128|
    |grp_fu_1081_ce                                        |   20|          4|    1|          4|
    |grp_fu_1081_p0                                        |   20|          4|   32|        128|
    |grp_getGridIndex_fu_1084_ap_start                     |   14|          3|    1|          3|
    |grp_getGridIndex_fu_1084_enhanced_grid_cell_height_V  |   14|          3|   24|         72|
    |grp_getGridIndex_fu_1084_enhanced_grid_cell_width_V   |   14|          3|   24|         72|
    |grp_getGridIndex_fu_1084_enhanced_grid_grid_size_x    |   14|          3|   32|         96|
    |grp_getGridIndex_fu_1084_enhanced_grid_grid_size_y    |   14|          3|   32|         96|
    |grp_getGridIndex_fu_1084_enhanced_grid_x_min_V        |   14|          3|   24|         72|
    |grp_getGridIndex_fu_1084_enhanced_grid_y_min_V        |   14|          3|   24|         72|
    |grp_getGridIndex_fu_1084_x                            |   14|          3|   24|         72|
    |grp_getGridIndex_fu_1084_y                            |   14|          3|   24|         72|
    |grp_getGridIndex_fu_1095_ap_start                     |   14|          3|    1|          3|
    |grp_getGridIndex_fu_1095_enhanced_grid_cell_height_V  |   14|          3|   24|         72|
    |grp_getGridIndex_fu_1095_enhanced_grid_cell_width_V   |   14|          3|   24|         72|
    |grp_getGridIndex_fu_1095_enhanced_grid_grid_size_x    |   14|          3|   32|         96|
    |grp_getGridIndex_fu_1095_enhanced_grid_grid_size_y    |   14|          3|   32|         96|
    |grp_getGridIndex_fu_1095_enhanced_grid_x_min_V        |   14|          3|   24|         72|
    |grp_getGridIndex_fu_1095_enhanced_grid_y_min_V        |   14|          3|   24|         72|
    |grp_getGridIndex_fu_1095_x                            |   14|          3|   24|         72|
    |grp_getGridIndex_fu_1095_y                            |   14|          3|   24|         72|
    |grp_getGridIndex_fu_1106_ap_start                     |   14|          3|    1|          3|
    |grp_getGridIndex_fu_1106_enhanced_grid_cell_height_V  |   14|          3|   24|         72|
    |grp_getGridIndex_fu_1106_enhanced_grid_cell_width_V   |   14|          3|   24|         72|
    |grp_getGridIndex_fu_1106_enhanced_grid_grid_size_x    |   14|          3|   32|         96|
    |grp_getGridIndex_fu_1106_enhanced_grid_grid_size_y    |   14|          3|   32|         96|
    |grp_getGridIndex_fu_1106_enhanced_grid_x_min_V        |   14|          3|   24|         72|
    |grp_getGridIndex_fu_1106_enhanced_grid_y_min_V        |   14|          3|   24|         72|
    |grp_getGridIndex_fu_1106_x                            |   14|          3|   24|         72|
    |grp_getGridIndex_fu_1106_y                            |   14|          3|   24|         72|
    |he_face_V_address1                                    |   49|          9|   17|        153|
    |he_face_V_ce0                                         |    9|          2|    1|          2|
    |he_face_V_ce1                                         |   20|          4|    1|          4|
    |he_face_V_d1                                          |   26|          5|   15|         75|
    |he_face_V_we1                                         |   20|          4|    1|          4|
    |he_tail_V_address0                                    |   49|          9|   17|        153|
    |he_tail_V_ce0                                         |   20|          4|    1|          4|
    |he_tail_V_d0                                          |   31|          6|   14|         84|
    |he_tail_V_we0                                         |   20|          4|    1|          4|
    |he_twin_V_address1                                    |   49|          9|   17|        153|
    |he_twin_V_ce0                                         |    9|          2|    1|          2|
    |he_twin_V_ce1                                         |   20|          4|    1|          4|
    |he_twin_V_d1                                          |   49|          9|   17|        153|
    |he_twin_V_we1                                         |   20|          4|    1|          4|
    |he_used_V_address0                                    |   49|          9|   17|        153|
    |he_used_V_ce0                                         |   20|          4|    1|          4|
    |he_used_V_d0                                          |   20|          4|    1|          4|
    |he_used_V_we0                                         |   20|          4|    1|          4|
    |pointIdx_V_fu_342                                     |    9|          2|   14|         28|
    |processed_actual_points                               |    9|          2|   32|         64|
    |tri_num_V                                             |   14|          3|   15|         45|
    |valid_faces_V_address0                                |   14|          3|   15|         45|
    |valid_faces_V_ce0                                     |   14|          3|    1|          3|
    |valid_faces_V_we0                                     |    9|          2|    1|          2|
    |vtx_used_V_address0                                   |   31|          6|   14|         84|
    |vtx_used_V_ce0                                        |   31|          6|    1|          6|
    |vtx_used_V_d0                                         |   20|          4|    1|          4|
    |vtx_used_V_we0                                        |   20|          4|    1|          4|
    |vtx_x_V_address0                                      |   54|         10|   14|        140|
    |vtx_x_V_ce0                                           |   37|          7|    1|          7|
    |vtx_x_V_d0                                            |   20|          4|   24|         96|
    |vtx_x_V_we0                                           |   20|          4|    1|          4|
    |vtx_y_V_address0                                      |   54|         10|   14|        140|
    |vtx_y_V_ce0                                           |   37|          7|    1|          7|
    |vtx_y_V_d0                                            |   20|          4|   24|         96|
    |vtx_y_V_we0                                           |   20|          4|    1|          4|
    |x_in_stream_TREADY_int_regslice                       |   14|          3|    1|          3|
    +------------------------------------------------------+-----+-----------+-----+-----------+
    |Total                                                 | 2990|        596| 1776|       7382|
    +------------------------------------------------------+-----+-----------+-----+-----------+

    * Register: 
    +------------------------------------------------------------+----+----+-----+-----------+
    |                            Name                            | FF | LUT| Bits| Const Bits|
    +------------------------------------------------------------+----+----+-----+-----------+
    |ap_CS_fsm                                                   |  28|   0|   28|          0|
    |cached_center_x                                             |  32|   0|   32|          0|
    |cached_center_y                                             |  32|   0|   32|          0|
    |enhanced_grid_cell_height_V                                 |  24|   0|   24|          0|
    |enhanced_grid_cell_width_V                                  |  24|   0|   24|          0|
    |enhanced_grid_grid_size_x                                   |  32|   0|   32|          0|
    |enhanced_grid_grid_size_y                                   |  32|   0|   32|          0|
    |enhanced_grid_total_cells                                   |  11|   0|   11|          0|
    |enhanced_grid_x_min_V                                       |  24|   0|   24|          0|
    |enhanced_grid_y_min_V                                       |  24|   0|   24|          0|
    |freeFaceHead_V                                              |  15|   0|   15|          0|
    |grid_counts_read_reg_1009                                   |  64|   0|   64|          0|
    |grid_triangles_read_reg_1001                                |  64|   0|   64|          0|
    |grp_assignTriangleToGrid_fu_698_ap_start_reg                |   1|   0|    1|          0|
    |grp_initEnhancedGrid_fu_670_ap_start_reg                    |   1|   0|    1|          0|
    |grp_insertSiteEnhanced_fu_795_ap_start_reg                  |   1|   0|    1|          0|
    |grp_locateTriangleSimple_fu_748_ap_start_reg                |   1|   0|    1|          0|
    |grp_tri2d_Pipeline_COLLECT_INDICES_fu_734_ap_start_reg      |   1|   0|    1|          0|
    |grp_tri2d_Pipeline_INIT_FACE_TOPO_fu_574_ap_start_reg       |   1|   0|    1|          0|
    |grp_tri2d_Pipeline_INIT_HALFEDGE_fu_600_ap_start_reg        |   1|   0|    1|          0|
    |grp_tri2d_Pipeline_INIT_VERTEX_fu_612_ap_start_reg          |   1|   0|    1|          0|
    |grp_tri2d_Pipeline_OUTPUT_STREAM_fu_863_ap_start_reg        |   1|   0|    1|          0|
    |grp_tri2d_Pipeline_READ_NORMAL_POINTS_fu_646_ap_start_reg   |   1|   0|    1|          0|
    |grp_tri2d_Pipeline_READ_SUPER_TRIANGLE_fu_622_ap_start_reg  |   1|   0|    1|          0|
    |p_x_V_reg_1048                                              |  24|   0|   24|          0|
    |p_y_V_reg_1053                                              |  24|   0|   24|          0|
    |pointIdx_V_fu_342                                           |  14|   0|   14|          0|
    |processed_actual_points                                     |  32|   0|   32|          0|
    |sub_reg_1073                                                |  32|   0|   32|          0|
    |tmp_reg_1061                                                |   1|   0|    1|          0|
    |tri_num_V                                                   |  15|   0|   15|          0|
    |trunc_ln214_reg_1065                                        |  15|   0|   15|          0|
    |vtx_used_V_load_reg_1034                                    |   1|   0|    1|          0|
    |zext_ln1088_reg_1020                                        |  14|   0|   64|         50|
    +------------------------------------------------------------+----+----+-----+-----------+
    |Total                                                       | 589|   0|  639|         50|
    +------------------------------------------------------------+----+----+-----+-----------+



================================================================
== Interface
================================================================
* Summary: 
+-----------------------+-----+-----+------------+------------------------+--------------+
|       RTL Ports       | Dir | Bits|  Protocol  |      Source Object     |    C Type    |
+-----------------------+-----+-----+------------+------------------------+--------------+
|s_axi_control_AWVALID  |   in|    1|       s_axi|                 control|       pointer|
|s_axi_control_AWREADY  |  out|    1|       s_axi|                 control|       pointer|
|s_axi_control_AWADDR   |   in|    6|       s_axi|                 control|       pointer|
|s_axi_control_WVALID   |   in|    1|       s_axi|                 control|       pointer|
|s_axi_control_WREADY   |  out|    1|       s_axi|                 control|       pointer|
|s_axi_control_WDATA    |   in|   32|       s_axi|                 control|       pointer|
|s_axi_control_WSTRB    |   in|    4|       s_axi|                 control|       pointer|
|s_axi_control_ARVALID  |   in|    1|       s_axi|                 control|       pointer|
|s_axi_control_ARREADY  |  out|    1|       s_axi|                 control|       pointer|
|s_axi_control_ARADDR   |   in|    6|       s_axi|                 control|       pointer|
|s_axi_control_RVALID   |  out|    1|       s_axi|                 control|       pointer|
|s_axi_control_RREADY   |   in|    1|       s_axi|                 control|       pointer|
|s_axi_control_RDATA    |  out|   32|       s_axi|                 control|       pointer|
|s_axi_control_RRESP    |  out|    2|       s_axi|                 control|       pointer|
|s_axi_control_BVALID   |  out|    1|       s_axi|                 control|       pointer|
|s_axi_control_BREADY   |   in|    1|       s_axi|                 control|       pointer|
|s_axi_control_BRESP    |  out|    2|       s_axi|                 control|       pointer|
|ap_clk                 |   in|    1|  ap_ctrl_hs|                   tri2d|  return value|
|ap_rst_n               |   in|    1|  ap_ctrl_hs|                   tri2d|  return value|
|interrupt              |  out|    1|  ap_ctrl_hs|                   tri2d|  return value|
|m_axi_gmem0_AWVALID    |  out|    1|       m_axi|                   gmem0|       pointer|
|m_axi_gmem0_AWREADY    |   in|    1|       m_axi|                   gmem0|       pointer|
|m_axi_gmem0_AWADDR     |  out|   64|       m_axi|                   gmem0|       pointer|
|m_axi_gmem0_AWID       |  out|    1|       m_axi|                   gmem0|       pointer|
|m_axi_gmem0_AWLEN      |  out|    8|       m_axi|                   gmem0|       pointer|
|m_axi_gmem0_AWSIZE     |  out|    3|       m_axi|                   gmem0|       pointer|
|m_axi_gmem0_AWBURST    |  out|    2|       m_axi|                   gmem0|       pointer|
|m_axi_gmem0_AWLOCK     |  out|    2|       m_axi|                   gmem0|       pointer|
|m_axi_gmem0_AWCACHE    |  out|    4|       m_axi|                   gmem0|       pointer|
|m_axi_gmem0_AWPROT     |  out|    3|       m_axi|                   gmem0|       pointer|
|m_axi_gmem0_AWQOS      |  out|    4|       m_axi|                   gmem0|       pointer|
|m_axi_gmem0_AWREGION   |  out|    4|       m_axi|                   gmem0|       pointer|
|m_axi_gmem0_AWUSER     |  out|    1|       m_axi|                   gmem0|       pointer|
|m_axi_gmem0_WVALID     |  out|    1|       m_axi|                   gmem0|       pointer|
|m_axi_gmem0_WREADY     |   in|    1|       m_axi|                   gmem0|       pointer|
|m_axi_gmem0_WDATA      |  out|   32|       m_axi|                   gmem0|       pointer|
|m_axi_gmem0_WSTRB      |  out|    4|       m_axi|                   gmem0|       pointer|
|m_axi_gmem0_WLAST      |  out|    1|       m_axi|                   gmem0|       pointer|
|m_axi_gmem0_WID        |  out|    1|       m_axi|                   gmem0|       pointer|
|m_axi_gmem0_WUSER      |  out|    1|       m_axi|                   gmem0|       pointer|
|m_axi_gmem0_ARVALID    |  out|    1|       m_axi|                   gmem0|       pointer|
|m_axi_gmem0_ARREADY    |   in|    1|       m_axi|                   gmem0|       pointer|
|m_axi_gmem0_ARADDR     |  out|   64|       m_axi|                   gmem0|       pointer|
|m_axi_gmem0_ARID       |  out|    1|       m_axi|                   gmem0|       pointer|
|m_axi_gmem0_ARLEN      |  out|    8|       m_axi|                   gmem0|       pointer|
|m_axi_gmem0_ARSIZE     |  out|    3|       m_axi|                   gmem0|       pointer|
|m_axi_gmem0_ARBURST    |  out|    2|       m_axi|                   gmem0|       pointer|
|m_axi_gmem0_ARLOCK     |  out|    2|       m_axi|                   gmem0|       pointer|
|m_axi_gmem0_ARCACHE    |  out|    4|       m_axi|                   gmem0|       pointer|
|m_axi_gmem0_ARPROT     |  out|    3|       m_axi|                   gmem0|       pointer|
|m_axi_gmem0_ARQOS      |  out|    4|       m_axi|                   gmem0|       pointer|
|m_axi_gmem0_ARREGION   |  out|    4|       m_axi|                   gmem0|       pointer|
|m_axi_gmem0_ARUSER     |  out|    1|       m_axi|                   gmem0|       pointer|
|m_axi_gmem0_RVALID     |   in|    1|       m_axi|                   gmem0|       pointer|
|m_axi_gmem0_RREADY     |  out|    1|       m_axi|                   gmem0|       pointer|
|m_axi_gmem0_RDATA      |   in|   32|       m_axi|                   gmem0|       pointer|
|m_axi_gmem0_RLAST      |   in|    1|       m_axi|                   gmem0|       pointer|
|m_axi_gmem0_RID        |   in|    1|       m_axi|                   gmem0|       pointer|
|m_axi_gmem0_RUSER      |   in|    1|       m_axi|                   gmem0|       pointer|
|m_axi_gmem0_RRESP      |   in|    2|       m_axi|                   gmem0|       pointer|
|m_axi_gmem0_BVALID     |   in|    1|       m_axi|                   gmem0|       pointer|
|m_axi_gmem0_BREADY     |  out|    1|       m_axi|                   gmem0|       pointer|
|m_axi_gmem0_BRESP      |   in|    2|       m_axi|                   gmem0|       pointer|
|m_axi_gmem0_BID        |   in|    1|       m_axi|                   gmem0|       pointer|
|m_axi_gmem0_BUSER      |   in|    1|       m_axi|                   gmem0|       pointer|
|x_in_stream_TDATA      |   in|   64|        axis|    x_in_stream_V_data_V|       pointer|
|x_in_stream_TVALID     |   in|    1|        axis|    x_in_stream_V_dest_V|       pointer|
|x_in_stream_TREADY     |  out|    1|        axis|    x_in_stream_V_dest_V|       pointer|
|x_in_stream_TDEST      |   in|    6|        axis|    x_in_stream_V_dest_V|       pointer|
|x_in_stream_TKEEP      |   in|    8|        axis|    x_in_stream_V_keep_V|       pointer|
|x_in_stream_TSTRB      |   in|    8|        axis|    x_in_stream_V_strb_V|       pointer|
|x_in_stream_TUSER      |   in|   16|        axis|    x_in_stream_V_user_V|       pointer|
|x_in_stream_TLAST      |   in|    1|        axis|    x_in_stream_V_last_V|       pointer|
|x_in_stream_TID        |   in|    5|        axis|      x_in_stream_V_id_V|       pointer|
|cl_out_stream_TDATA    |  out|   64|        axis|  cl_out_stream_V_data_V|       pointer|
|cl_out_stream_TVALID   |  out|    1|        axis|  cl_out_stream_V_dest_V|       pointer|
|cl_out_stream_TREADY   |   in|    1|        axis|  cl_out_stream_V_dest_V|       pointer|
|cl_out_stream_TDEST    |  out|    6|        axis|  cl_out_stream_V_dest_V|       pointer|
|cl_out_stream_TKEEP    |  out|    8|        axis|  cl_out_stream_V_keep_V|       pointer|
|cl_out_stream_TSTRB    |  out|    8|        axis|  cl_out_stream_V_strb_V|       pointer|
|cl_out_stream_TUSER    |  out|   16|        axis|  cl_out_stream_V_user_V|       pointer|
|cl_out_stream_TLAST    |  out|    1|        axis|  cl_out_stream_V_last_V|       pointer|
|cl_out_stream_TID      |  out|    5|        axis|    cl_out_stream_V_id_V|       pointer|
+-----------------------+-----+-----+------------+------------------------+--------------+

